This file contains any messages produced by compilers while
running configure, to aid debugging if configure makes a mistake.

It was created by configure, which was
generated by GNU Autoconf 2.57.  Invocation command line was

  $ ./configure --with-otcl=../otcl-1.12 --with-tclcl=../tclcl-1.18

## --------- ##
## Platform. ##
## --------- ##

hostname = localhost.localdomain
uname -m = x86_64
uname -r = 3.10.0-693.el7.x86_64
uname -s = Linux
uname -v = #1 SMP Tue Aug 22 21:09:27 UTC 2017

/usr/bin/uname -p = x86_64
/bin/uname -X     = unknown

/bin/arch              = x86_64
/usr/bin/arch -k       = unknown
/usr/convex/getsysinfo = unknown
hostinfo               = unknown
/bin/machine           = unknown
/usr/bin/oslevel       = unknown
/bin/universe          = unknown

PATH: /home/ZDH/Downloads/AquaSim/tcl8.4.13/unix
PATH: /home/ZDH/Downloads/AquaSim/tk8.4.13/unix
PATH: /home/ZDH/Downloads/AquaSim/bin
PATH: /sbin
PATH: /bin
PATH: /usr/sbin
PATH: /usr/bin


## ----------- ##
## Core tests. ##
## ----------- ##

configure:1347: checking for gcc
configure:1363: found /bin/gcc
configure:1373: result: gcc
configure:1617: checking for C compiler version
configure:1620: gcc --version </dev/null >&5
gcc (GCC) 4.8.5 20150623 (Red Hat 4.8.5-16)
Copyright (C) 2015 Free Software Foundation, Inc.
This is free software; see the source for copying conditions.  There is NO
warranty; not even for MERCHANTABILITY or FITNESS FOR A PARTICULAR PURPOSE.

configure:1623: $? = 0
configure:1625: gcc -v </dev/null >&5
Using built-in specs.
COLLECT_GCC=gcc
COLLECT_LTO_WRAPPER=/usr/libexec/gcc/x86_64-redhat-linux/4.8.5/lto-wrapper
Target: x86_64-redhat-linux
Configured with: ../configure --prefix=/usr --mandir=/usr/share/man --infodir=/usr/share/info --with-bugurl=http://bugzilla.redhat.com/bugzilla --enable-bootstrap --enable-shared --enable-threads=posix --enable-checking=release --with-system-zlib --enable-__cxa_atexit --disable-libunwind-exceptions --enable-gnu-unique-object --enable-linker-build-id --with-linker-hash-style=gnu --enable-languages=c,c++,objc,obj-c++,java,fortran,ada,go,lto --enable-plugin --enable-initfini-array --disable-libgcj --with-isl=/builddir/build/BUILD/gcc-4.8.5-20150702/obj-x86_64-redhat-linux/isl-install --with-cloog=/builddir/build/BUILD/gcc-4.8.5-20150702/obj-x86_64-redhat-linux/cloog-install --enable-gnu-indirect-function --with-tune=generic --with-arch_32=x86-64 --build=x86_64-redhat-linux
Thread model: posix
gcc version 4.8.5 20150623 (Red Hat 4.8.5-16) (GCC) 
configure:1628: $? = 0
configure:1630: gcc -V </dev/null >&5
gcc: error: unrecognized command line option '-V'
gcc: fatal error: no input files
compilation terminated.
configure:1633: $? = 4
configure:1657: checking for C compiler default output
configure:1660: gcc    conftest.c  >&5
configure:1663: $? = 0
configure:1709: result: a.out
configure:1714: checking whether the C compiler works
configure:1720: ./a.out
configure:1723: $? = 0
configure:1740: result: yes
configure:1747: checking whether we are cross compiling
configure:1749: result: no
configure:1752: checking for suffix of executables
configure:1754: gcc -o conftest    conftest.c  >&5
configure:1757: $? = 0
configure:1782: result: 
configure:1788: checking for suffix of object files
configure:1810: gcc -c   conftest.c >&5
configure:1813: $? = 0
configure:1835: result: o
configure:1839: checking whether we are using the GNU C compiler
configure:1864: gcc -c   conftest.c >&5
configure:1867: $? = 0
configure:1870: test -s conftest.o
configure:1873: $? = 0
configure:1886: result: yes
configure:1892: checking whether gcc accepts -g
configure:1914: gcc -c -g  conftest.c >&5
configure:1917: $? = 0
configure:1920: test -s conftest.o
configure:1923: $? = 0
configure:1934: result: yes
configure:1951: checking for gcc option to accept ANSI C
configure:2012: gcc  -c -g -O2  conftest.c >&5
configure:2015: $? = 0
configure:2018: test -s conftest.o
configure:2021: $? = 0
configure:2039: result: none needed
configure:2057: gcc -c -g -O2  conftest.c >&5
conftest.c:2:3: error: unknown type name 'choke'
   choke me
   ^
conftest.c:2:3: error: expected '=', ',', ';', 'asm' or '__attribute__' at end of input
configure:2060: $? = 1
configure: failed program was:
| #ifndef __cplusplus
|   choke me
| #endif
configure:2175: checking how to run the C preprocessor
configure:2211: gcc -E  conftest.c
configure:2217: $? = 0
configure:2249: gcc -E  conftest.c
configure:2248:28: fatal error: ac_nonexistent.h: No such file or directory
 _ACEOF
                            ^
compilation terminated.
configure:2255: $? = 1
configure: failed program was:
| #line 2240 "configure"
| /* confdefs.h.  */
| 
| #define PACKAGE_NAME ""
| #define PACKAGE_TARNAME ""
| #define PACKAGE_VERSION ""
| #define PACKAGE_STRING ""
| #define PACKAGE_BUGREPORT ""
| /* end confdefs.h.  */
| #include <ac_nonexistent.h>
configure:2293: result: gcc -E
configure:2318: gcc -E  conftest.c
configure:2324: $? = 0
configure:2356: gcc -E  conftest.c
configure:2355:28: fatal error: ac_nonexistent.h: No such file or directory
 _ACEOF
                            ^
compilation terminated.
configure:2362: $? = 1
configure: failed program was:
| #line 2347 "configure"
| /* confdefs.h.  */
| 
| #define PACKAGE_NAME ""
| #define PACKAGE_TARNAME ""
| #define PACKAGE_VERSION ""
| #define PACKAGE_STRING ""
| #define PACKAGE_BUGREPORT ""
| /* end confdefs.h.  */
| #include <ac_nonexistent.h>
configure:2405: checking for egrep
configure:2415: result: grep -E
configure:2420: checking for ANSI C header files
configure:2446: gcc -c -g -O2  conftest.c >&5
configure:2449: $? = 0
configure:2452: test -s conftest.o
configure:2455: $? = 0
configure:2547: gcc -o conftest -g -O2   conftest.c  >&5
configure: In function 'main':
configure:2540:7: warning: incompatible implicit declaration of built-in function 'exit' [enabled by default]
     if (XOR (islower (i), ISLOWER (i))
       ^
configure:2550: $? = 0
configure:2552: ./conftest
configure:2555: $? = 0
configure:2570: result: yes
configure:2680: checking build system type
configure:2698: result: x86_64-unknown-linux-gnu
configure:2706: checking host system type
configure:2720: result: x86_64-unknown-linux-gnu
configure:2728: checking target system type
configure:2742: result: x86_64-unknown-linux-gnu
configure:2803: checking for gcc
configure:2829: result: gcc
configure:3073: checking for C compiler version
configure:3076: gcc --version </dev/null >&5
gcc (GCC) 4.8.5 20150623 (Red Hat 4.8.5-16)
Copyright (C) 2015 Free Software Foundation, Inc.
This is free software; see the source for copying conditions.  There is NO
warranty; not even for MERCHANTABILITY or FITNESS FOR A PARTICULAR PURPOSE.

configure:3079: $? = 0
configure:3081: gcc -v </dev/null >&5
Using built-in specs.
COLLECT_GCC=gcc
COLLECT_LTO_WRAPPER=/usr/libexec/gcc/x86_64-redhat-linux/4.8.5/lto-wrapper
Target: x86_64-redhat-linux
Configured with: ../configure --prefix=/usr --mandir=/usr/share/man --infodir=/usr/share/info --with-bugurl=http://bugzilla.redhat.com/bugzilla --enable-bootstrap --enable-shared --enable-threads=posix --enable-checking=release --with-system-zlib --enable-__cxa_atexit --disable-libunwind-exceptions --enable-gnu-unique-object --enable-linker-build-id --with-linker-hash-style=gnu --enable-languages=c,c++,objc,obj-c++,java,fortran,ada,go,lto --enable-plugin --enable-initfini-array --disable-libgcj --with-isl=/builddir/build/BUILD/gcc-4.8.5-20150702/obj-x86_64-redhat-linux/isl-install --with-cloog=/builddir/build/BUILD/gcc-4.8.5-20150702/obj-x86_64-redhat-linux/cloog-install --enable-gnu-indirect-function --with-tune=generic --with-arch_32=x86-64 --build=x86_64-redhat-linux
Thread model: posix
gcc version 4.8.5 20150623 (Red Hat 4.8.5-16) (GCC) 
configure:3084: $? = 0
configure:3086: gcc -V </dev/null >&5
gcc: error: unrecognized command line option '-V'
gcc: fatal error: no input files
compilation terminated.
configure:3089: $? = 4
configure:3092: checking whether we are using the GNU C compiler
configure:3139: result: yes
configure:3145: checking whether gcc accepts -g
configure:3187: result: yes
configure:3204: checking for gcc option to accept ANSI C
configure:3292: result: none needed
configure:3310: gcc -c -g -O2  conftest.c >&5
conftest.c:2:3: error: unknown type name 'choke'
   choke me
   ^
conftest.c:2:3: error: expected '=', ',', ';', 'asm' or '__attribute__' at end of input
configure:3313: $? = 1
configure: failed program was:
| #ifndef __cplusplus
|   choke me
| #endif
configure:3474: checking for g++
configure:3490: found /bin/g++
configure:3500: result: g++
configure:3516: checking for C++ compiler version
configure:3519: g++ --version </dev/null >&5
g++ (GCC) 4.8.5 20150623 (Red Hat 4.8.5-16)
Copyright (C) 2015 Free Software Foundation, Inc.
This is free software; see the source for copying conditions.  There is NO
warranty; not even for MERCHANTABILITY or FITNESS FOR A PARTICULAR PURPOSE.

configure:3522: $? = 0
configure:3524: g++ -v </dev/null >&5
Using built-in specs.
COLLECT_GCC=g++
COLLECT_LTO_WRAPPER=/usr/libexec/gcc/x86_64-redhat-linux/4.8.5/lto-wrapper
Target: x86_64-redhat-linux
Configured with: ../configure --prefix=/usr --mandir=/usr/share/man --infodir=/usr/share/info --with-bugurl=http://bugzilla.redhat.com/bugzilla --enable-bootstrap --enable-shared --enable-threads=posix --enable-checking=release --with-system-zlib --enable-__cxa_atexit --disable-libunwind-exceptions --enable-gnu-unique-object --enable-linker-build-id --with-linker-hash-style=gnu --enable-languages=c,c++,objc,obj-c++,java,fortran,ada,go,lto --enable-plugin --enable-initfini-array --disable-libgcj --with-isl=/builddir/build/BUILD/gcc-4.8.5-20150702/obj-x86_64-redhat-linux/isl-install --with-cloog=/builddir/build/BUILD/gcc-4.8.5-20150702/obj-x86_64-redhat-linux/cloog-install --enable-gnu-indirect-function --with-tune=generic --with-arch_32=x86-64 --build=x86_64-redhat-linux
Thread model: posix
gcc version 4.8.5 20150623 (Red Hat 4.8.5-16) (GCC) 
configure:3527: $? = 0
configure:3529: g++ -V </dev/null >&5
g++: error: unrecognized command line option '-V'
g++: fatal error: no input files
compilation terminated.
configure:3532: $? = 4
configure:3535: checking whether we are using the GNU C++ compiler
configure:3560: g++ -c   conftest.cc >&5
configure:3563: $? = 0
configure:3566: test -s conftest.o
configure:3569: $? = 0
configure:3582: result: yes
configure:3588: checking whether g++ accepts -g
configure:3610: g++ -c -g  conftest.cc >&5
configure:3613: $? = 0
configure:3616: test -s conftest.o
configure:3619: $? = 0
configure:3630: result: yes
configure:3674: g++ -c -g -O2  conftest.cc >&5
configure:3677: $? = 0
configure:3680: test -s conftest.o
configure:3683: $? = 0
configure:3710: g++ -c -g -O2  conftest.cc >&5
configure: In function 'int main()':
configure:3706:9: error: 'exit' was not declared in this scope
   return 0;
         ^
configure:3713: $? = 1
configure: failed program was:
| #line 3693 "configure"
| /* confdefs.h.  */
| 
| #define PACKAGE_NAME ""
| #define PACKAGE_TARNAME ""
| #define PACKAGE_VERSION ""
| #define PACKAGE_STRING ""
| #define PACKAGE_BUGREPORT ""
| #define STDC_HEADERS 1
| /* end confdefs.h.  */
| 
| int
| main ()
| {
| exit (42);
|   ;
|   return 0;
| }
configure:3674: g++ -c -g -O2  conftest.cc >&5
configure:3677: $? = 0
configure:3680: test -s conftest.o
configure:3683: $? = 0
configure:3710: g++ -c -g -O2  conftest.cc >&5
configure:3713: $? = 0
configure:3716: test -s conftest.o
configure:3719: $? = 0
configure:3742: checking for ANSI C header files
configure:3892: result: yes
configure:3916: checking for sys/types.h
configure:3933: gcc -c -g -O2  conftest.c >&5
configure:3936: $? = 0
configure:3939: test -s conftest.o
configure:3942: $? = 0
configure:3953: result: yes
configure:3916: checking for sys/stat.h
configure:3933: gcc -c -g -O2  conftest.c >&5
configure:3936: $? = 0
configure:3939: test -s conftest.o
configure:3942: $? = 0
configure:3953: result: yes
configure:3916: checking for stdlib.h
configure:3933: gcc -c -g -O2  conftest.c >&5
configure:3936: $? = 0
configure:3939: test -s conftest.o
configure:3942: $? = 0
configure:3953: result: yes
configure:3916: checking for string.h
configure:3933: gcc -c -g -O2  conftest.c >&5
configure:3936: $? = 0
configure:3939: test -s conftest.o
configure:3942: $? = 0
configure:3953: result: yes
configure:3916: checking for memory.h
configure:3933: gcc -c -g -O2  conftest.c >&5
configure:3936: $? = 0
configure:3939: test -s conftest.o
configure:3942: $? = 0
configure:3953: result: yes
configure:3916: checking for strings.h
configure:3933: gcc -c -g -O2  conftest.c >&5
configure:3936: $? = 0
configure:3939: test -s conftest.o
configure:3942: $? = 0
configure:3953: result: yes
configure:3916: checking for inttypes.h
configure:3933: gcc -c -g -O2  conftest.c >&5
configure:3936: $? = 0
configure:3939: test -s conftest.o
configure:3942: $? = 0
configure:3953: result: yes
configure:3916: checking for stdint.h
configure:3933: gcc -c -g -O2  conftest.c >&5
configure:3936: $? = 0
configure:3939: test -s conftest.o
configure:3942: $? = 0
configure:3953: result: yes
configure:3916: checking for unistd.h
configure:3933: gcc -c -g -O2  conftest.c >&5
configure:3936: $? = 0
configure:3939: test -s conftest.o
configure:3942: $? = 0
configure:3953: result: yes
configure:3970: checking for string.h
configure:3975: result: yes
configure:4117: checking for main in -lXbsd
configure:4142: gcc -o conftest -g -O2   conftest.c -lXbsd   >&5
/bin/ld: cannot find -lXbsd
collect2: error: ld returned 1 exit status
configure:4145: $? = 1
configure: failed program was:
| #line 4124 "configure"
| /* confdefs.h.  */
| 
| #define PACKAGE_NAME ""
| #define PACKAGE_TARNAME ""
| #define PACKAGE_VERSION ""
| #define PACKAGE_STRING ""
| #define PACKAGE_BUGREPORT ""
| #define STDC_HEADERS 1
| #ifdef __cplusplus
| #include <stdlib.h>
| #endif
| #define STDC_HEADERS 1
| #define HAVE_SYS_TYPES_H 1
| #define HAVE_SYS_STAT_H 1
| #define HAVE_STDLIB_H 1
| #define HAVE_STRING_H 1
| #define HAVE_MEMORY_H 1
| #define HAVE_STRINGS_H 1
| #define HAVE_INTTYPES_H 1
| #define HAVE_STDINT_H 1
| #define HAVE_UNISTD_H 1
| #define HAVE_STRING_H 1
| /* end confdefs.h.  */
| 
| 
| int
| main ()
| {
| main ();
|   ;
|   return 0;
| }
configure:4163: result: no
configure:4169: checking for socket in -lsocket
configure:4200: gcc -o conftest -g -O2   conftest.c -lsocket   >&5
/bin/ld: cannot find -lsocket
collect2: error: ld returned 1 exit status
configure:4203: $? = 1
configure: failed program was:
| #line 4176 "configure"
| /* confdefs.h.  */
| 
| #define PACKAGE_NAME ""
| #define PACKAGE_TARNAME ""
| #define PACKAGE_VERSION ""
| #define PACKAGE_STRING ""
| #define PACKAGE_BUGREPORT ""
| #define STDC_HEADERS 1
| #ifdef __cplusplus
| #include <stdlib.h>
| #endif
| #define STDC_HEADERS 1
| #define HAVE_SYS_TYPES_H 1
| #define HAVE_SYS_STAT_H 1
| #define HAVE_STDLIB_H 1
| #define HAVE_STRING_H 1
| #define HAVE_MEMORY_H 1
| #define HAVE_STRINGS_H 1
| #define HAVE_INTTYPES_H 1
| #define HAVE_STDINT_H 1
| #define HAVE_UNISTD_H 1
| #define HAVE_STRING_H 1
| /* end confdefs.h.  */
| 
| /* Override any gcc2 internal prototype to avoid an error.  */
| #ifdef __cplusplus
| extern "C"
| #endif
| /* We use char because int might match the return type of a gcc2
|    builtin and then its argument prototype would still apply.  */
| char socket ();
| int
| main ()
| {
| socket ();
|   ;
|   return 0;
| }
configure:4221: result: no
configure:4227: checking for gethostbyname in -lnsl
configure:4258: gcc -o conftest -g -O2   conftest.c -lnsl   >&5
configure:4261: $? = 0
configure:4264: test -s conftest
configure:4267: $? = 0
configure:4279: result: yes
configure:4285: checking for dcgettext in -lintl
configure:4316: gcc -o conftest -g -O2   conftest.c -lintl   >&5
configure:4322:6: warning: conflicting types for built-in function 'dcgettext' [enabled by default]
   { (eval echo "$as_me:$LINENO: \"$ac_try\"") >&5
      ^
/bin/ld: cannot find -lintl
collect2: error: ld returned 1 exit status
configure:4319: $? = 1
configure: failed program was:
| #line 4292 "configure"
| /* confdefs.h.  */
| 
| #define PACKAGE_NAME ""
| #define PACKAGE_TARNAME ""
| #define PACKAGE_VERSION ""
| #define PACKAGE_STRING ""
| #define PACKAGE_BUGREPORT ""
| #define STDC_HEADERS 1
| #ifdef __cplusplus
| #include <stdlib.h>
| #endif
| #define STDC_HEADERS 1
| #define HAVE_SYS_TYPES_H 1
| #define HAVE_SYS_STAT_H 1
| #define HAVE_STDLIB_H 1
| #define HAVE_STRING_H 1
| #define HAVE_MEMORY_H 1
| #define HAVE_STRINGS_H 1
| #define HAVE_INTTYPES_H 1
| #define HAVE_STDINT_H 1
| #define HAVE_UNISTD_H 1
| #define HAVE_STRING_H 1
| /* end confdefs.h.  */
| 
| /* Override any gcc2 internal prototype to avoid an error.  */
| #ifdef __cplusplus
| extern "C"
| #endif
| /* We use char because int might match the return type of a gcc2
|    builtin and then its argument prototype would still apply.  */
| char dcgettext ();
| int
| main ()
| {
| dcgettext ();
|   ;
|   return 0;
| }
configure:4337: result: no
configure:4343: checking for getnodebyname in -ldnet_stub
configure:4374: gcc -o conftest -g -O2   conftest.c -ldnet_stub   >&5
/bin/ld: cannot find -ldnet_stub
collect2: error: ld returned 1 exit status
configure:4377: $? = 1
configure: failed program was:
| #line 4350 "configure"
| /* confdefs.h.  */
| 
| #define PACKAGE_NAME ""
| #define PACKAGE_TARNAME ""
| #define PACKAGE_VERSION ""
| #define PACKAGE_STRING ""
| #define PACKAGE_BUGREPORT ""
| #define STDC_HEADERS 1
| #ifdef __cplusplus
| #include <stdlib.h>
| #endif
| #define STDC_HEADERS 1
| #define HAVE_SYS_TYPES_H 1
| #define HAVE_SYS_STAT_H 1
| #define HAVE_STDLIB_H 1
| #define HAVE_STRING_H 1
| #define HAVE_MEMORY_H 1
| #define HAVE_STRINGS_H 1
| #define HAVE_INTTYPES_H 1
| #define HAVE_STDINT_H 1
| #define HAVE_UNISTD_H 1
| #define HAVE_STRING_H 1
| /* end confdefs.h.  */
| 
| /* Override any gcc2 internal prototype to avoid an error.  */
| #ifdef __cplusplus
| extern "C"
| #endif
| /* We use char because int might match the return type of a gcc2
|    builtin and then its argument prototype would still apply.  */
| char getnodebyname ();
| int
| main ()
| {
| getnodebyname ();
|   ;
|   return 0;
| }
configure:4395: result: no
configure:4441: checking that g++ can handle -O2
configure:4468: gcc -c -g -O2  conftest.c >&5
configure:4471: $? = 0
configure:4474: test -s conftest.o
configure:4477: $? = 0
configure:4479: result: yes
configure:4739: checking for zlib.h
configure:4772: result: no
configure:4793: checking for libz1.1.4
configure:4838: result: no
configure:4947: gcc -E  conftest.c
configure:4953: $? = 0
configure:4992: checking for XOpenDisplay in -lX11
configure:5023: gcc -o conftest -g -O2   conftest.c -lX11   >&5
configure:5026: $? = 0
configure:5029: test -s conftest
configure:5032: $? = 0
configure:5044: result: yes
configure:5070: checking for XShmAttach in -lXext
configure:5101: gcc -o conftest -g -O2   conftest.c -lXext -lX11  >&5
configure:5104: $? = 0
configure:5107: test -s conftest
configure:5110: $? = 0
configure:5122: result: yes
configure:5340: checking for tcl.h
configure:5388: result: -I../include
configure:5394: checking for libtcl8.4
configure:5458: result: -L../lib -ltcl8.4
configure:5464: checking for init.tcl
configure:5503: result: ../lib/tcl8.4
configure:5520: checking for tclsh8.4.5
configure:5553: result: no
configure:5520: checking for tclsh8.4
configure:5538: found ../bin/tclsh8.4
configure:5550: result: ../bin/tclsh8.4
configure:5780: checking for tk.h
configure:5828: result: -I../include
configure:5834: checking for libtk8.4
configure:5898: result: -L../lib -ltk8.4
configure:5904: checking for tk.tcl
configure:5943: result: ../lib/tk8.4
configure:6036: checking for libtcldbg
configure:6081: result: no
configure:6213: checking for otcl.h
configure:6261: result: -I../otcl-1.12
configure:6267: checking for libotcl1.12
configure:6331: result: -L../otcl-1.12 -lotcl
configure:6457: checking for tclcl.h
configure:6505: result: -I../tclcl-1.18
configure:6511: checking for libtclcl
configure:6575: result: -L../tclcl-1.18 -ltclcl
configure:6581: checking for tcl2c++
configure:6620: result: ../tclcl-1.18
configure:6668: checking return type of random
configure:6694: gcc -o conftest -g -O2   conftest.c  >&5
configure:6697: $? = 0
configure:6699: ./conftest
configure:6702: $? = 0
configure:6704: result: long
configure:6728: checking for int8_t
configure:6753: gcc -c -g -O2  conftest.c >&5
configure:6756: $? = 0
configure:6759: test -s conftest.o
configure:6762: $? = 0
configure:6773: result: yes
configure:6785: checking for int16_t
configure:6810: gcc -c -g -O2  conftest.c >&5
configure:6813: $? = 0
configure:6816: test -s conftest.o
configure:6819: $? = 0
configure:6830: result: yes
configure:6842: checking for int32_t
configure:6867: gcc -c -g -O2  conftest.c >&5
configure:6870: $? = 0
configure:6873: test -s conftest.o
configure:6876: $? = 0
configure:6887: result: yes
configure:6899: checking for u_int8_t
configure:6924: gcc -c -g -O2  conftest.c >&5
configure:6927: $? = 0
configure:6930: test -s conftest.o
configure:6933: $? = 0
configure:6944: result: yes
configure:6956: checking for u_int16_t
configure:6981: gcc -c -g -O2  conftest.c >&5
configure:6984: $? = 0
configure:6987: test -s conftest.o
configure:6990: $? = 0
configure:7001: result: yes
configure:7013: checking for u_int32_t
configure:7038: gcc -c -g -O2  conftest.c >&5
configure:7041: $? = 0
configure:7044: test -s conftest.o
configure:7047: $? = 0
configure:7058: result: yes
configure:7077: checking for strtoq
configure:7127: gcc -o conftest -g -O2   conftest.c  >&5
configure:7130: $? = 0
configure:7133: test -s conftest
configure:7136: $? = 0
configure:7147: result: yes
configure:7077: checking for strtoll
configure:7127: gcc -o conftest -g -O2   conftest.c  >&5
configure:7130: $? = 0
configure:7133: test -s conftest
configure:7136: $? = 0
configure:7147: result: yes
configure:7162: checking for long
configure:7187: gcc -c -g -O2  conftest.c >&5
configure:7190: $? = 0
configure:7193: test -s conftest.o
configure:7196: $? = 0
configure:7207: result: yes
configure:7210: checking size of long
configure:7485: gcc -o conftest -g -O2   conftest.c  >&5
configure:7488: $? = 0
configure:7490: ./conftest
configure:7493: $? = 0
configure:7516: result: 8
configure:7526: checking for strtol
configure:7576: gcc -o conftest -g -O2   conftest.c  >&5
configure:7579: $? = 0
configure:7582: test -s conftest
configure:7585: $? = 0
configure:7596: result: yes
configure:7601: checking for __int64_t
configure:7622: gcc -o conftest -g -O2   conftest.c  >&5
configure: In function 'main':
configure:7646:10: error: unknown type name '__int64_t'
 if test x"$int64_t_HAVE___INT64_T" = x"yes" -a "x$INT64_T_ALTERNATIVE" = xnone; then
          ^
configure:7646:23: warning: incompatible implicit declaration of built-in function 'exit' [enabled by default]
 if test x"$int64_t_HAVE___INT64_T" = x"yes" -a "x$INT64_T_ALTERNATIVE" = xnone; then
                       ^
configure:7625: $? = 1
configure: program exited with status 1
configure: failed program was:
| #line 7610 "configure"
| /* confdefs.h.  */
| 
| #define PACKAGE_NAME ""
| #define PACKAGE_TARNAME ""
| #define PACKAGE_VERSION ""
| #define PACKAGE_STRING ""
| #define PACKAGE_BUGREPORT ""
| #define STDC_HEADERS 1
| #ifdef __cplusplus
| #include <stdlib.h>
| #endif
| #define STDC_HEADERS 1
| #define HAVE_SYS_TYPES_H 1
| #define HAVE_SYS_STAT_H 1
| #define HAVE_STDLIB_H 1
| #define HAVE_STRING_H 1
| #define HAVE_MEMORY_H 1
| #define HAVE_STRINGS_H 1
| #define HAVE_INTTYPES_H 1
| #define HAVE_STDINT_H 1
| #define HAVE_UNISTD_H 1
| #define HAVE_STRING_H 1
| #define HAVE_TCL_H 1
| #define HAVE_LIBTCL8_4 1
| #define HAVE_TK_H 1
| #define HAVE_LIBTK8_4 1
| #define HAVE_OTCL_H 1
| #define HAVE_LIBOTCL1_12 1
| #define HAVE_TCLCL_H 1
| #define HAVE_LIBTCLCL 1
| #define RANDOM_RETURN_TYPE long
| #define HAVE_STRTOQ 1
| #define HAVE_STRTOLL 1
| #define SIZEOF_LONG 8
| /* end confdefs.h.  */
| 
| main() { __int64_t x; exit (sizeof(x) >= 8 ? 0 : 1); }
| 
configure:7644: result: no
configure:7650: checking for long long
configure:7671: gcc -o conftest -g -O2   conftest.c  >&5
configure: In function 'main':
configure:7695:23: warning: incompatible implicit declaration of built-in function 'exit' [enabled by default]
 if test x"$int64_t_HAVE_LONG_LONG" = x"yes" -a "x$INT64_T_ALTERNATIVE" = xnone; then
                       ^
configure:7674: $? = 0
configure:7676: ./conftest
configure:7679: $? = 0
configure:7693: result: yes
configure:7701: checking for int64_t
configure:7728: result: yes
configure:7738: checking which kind of 64-bit int to use
configure:7750: result: int64_t
configure:7772: checking for snprintf
configure:7822: gcc -o conftest -g -O2   conftest.c  >&5
configure:7829:6: warning: conflicting types for built-in function 'snprintf' [enabled by default]
   (eval $ac_try) 2>&5
      ^
configure:7825: $? = 0
configure:7828: test -s conftest
configure:7831: $? = 0
configure:7842: result: yes
configure:7895: checking for dlopen in -ldl
configure:7926: gcc -o conftest -g -O2   conftest.c -ldl   >&5
configure:7929: $? = 0
configure:7932: test -s conftest
configure:7935: $? = 0
configure:7947: result: yes
configure:8128: checking for a BSD-compatible install
configure:8182: result: /bin/install -c
configure:8301: creating ./config.status

## ---------------------- ##
## Running config.status. ##
## ---------------------- ##

This file was extended by config.status, which was
generated by GNU Autoconf 2.57.  Invocation command line was

  CONFIG_FILES    = 
  CONFIG_HEADERS  = 
  CONFIG_LINKS    = 
  CONFIG_COMMANDS = 
  $ ./config.status 

on localhost.localdomain

config.status:664: creating Makefile
config.status:768: creating autoconf.h
config.status:901: autoconf.h is unchanged

## ---------------- ##
## Cache variables. ##
## ---------------- ##

ac_cv_build=x86_64-unknown-linux-gnu
ac_cv_build_alias=x86_64-unknown-linux-gnu
ac_cv_c_compiler_gnu=yes
ac_cv_cxx_compiler_gnu=yes
ac_cv_env_CC_set=
ac_cv_env_CC_value=
ac_cv_env_CFLAGS_set=
ac_cv_env_CFLAGS_value=
ac_cv_env_CPPFLAGS_set=
ac_cv_env_CPPFLAGS_value=
ac_cv_env_CPP_set=
ac_cv_env_CPP_value=
ac_cv_env_CXXFLAGS_set=
ac_cv_env_CXXFLAGS_value=
ac_cv_env_CXX_set=
ac_cv_env_CXX_value=
ac_cv_env_LDFLAGS_set=
ac_cv_env_LDFLAGS_value=
ac_cv_env_build_alias_set=
ac_cv_env_build_alias_value=
ac_cv_env_host_alias_set=
ac_cv_env_host_alias_value=
ac_cv_env_target_alias_set=
ac_cv_env_target_alias_value=
ac_cv_exeext=
ac_cv_func_snprintf=yes
ac_cv_func_strtol=yes
ac_cv_func_strtoll=yes
ac_cv_func_strtoq=yes
ac_cv_header_inttypes_h=yes
ac_cv_header_memory_h=yes
ac_cv_header_stdc=yes
ac_cv_header_stdint_h=yes
ac_cv_header_stdlib_h=yes
ac_cv_header_string_h=yes
ac_cv_header_strings_h=yes
ac_cv_header_sys_stat_h=yes
ac_cv_header_sys_types_h=yes
ac_cv_header_unistd_h=yes
ac_cv_host=x86_64-unknown-linux-gnu
ac_cv_host_alias=x86_64-unknown-linux-gnu
ac_cv_lib_X11_XOpenDisplay=yes
ac_cv_lib_Xbsd_main=no
ac_cv_lib_Xext_XShmAttach=yes
ac_cv_lib_dl_dlopen=yes
ac_cv_lib_dnet_stub_getnodebyname=no
ac_cv_lib_intl_dcgettext=no
ac_cv_lib_nsl_gethostbyname=yes
ac_cv_lib_socket_socket=no
ac_cv_objext=o
ac_cv_path_V_TCLSH=../bin/tclsh8.4
ac_cv_path_install='/bin/install -c'
ac_cv_prog_CPP='gcc -E'
ac_cv_prog_ac_ct_CC=gcc
ac_cv_prog_ac_ct_CXX=g++
ac_cv_prog_cc_g=yes
ac_cv_prog_cc_stdc=
ac_cv_prog_cxx_g=yes
ac_cv_prog_egrep='grep -E'
ac_cv_sizeof_long=8
ac_cv_target=x86_64-unknown-linux-gnu
ac_cv_target_alias=x86_64-unknown-linux-gnu
ac_cv_type_int16_t=yes
ac_cv_type_int32_t=yes
ac_cv_type_int64_t=yes
ac_cv_type_int8_t=yes
ac_cv_type_long=yes
ac_cv_type_u_int16_t=yes
ac_cv_type_u_int32_t=yes
ac_cv_type_u_int8_t=yes

## ----------------- ##
## Output variables. ##
## ----------------- ##

CC='gcc'
CFLAGS='-g -O2'
CPP='gcc -E'
CPPFLAGS=''
CXX='g++'
CXXFLAGS='-g -O2'
DEFS='-DHAVE_CONFIG_H'
ECHO_C=''
ECHO_N='-n'
ECHO_T=''
EGREP='grep -E'
EXEEXT=''
INSTALL_DATA='${INSTALL} -m 644'
INSTALL_PROGRAM='${INSTALL}'
INSTALL_SCRIPT='${INSTALL}'
LDFLAGS=''
LIBOBJS=''
LIBS=''
LTLIBOBJS=''
OBJEXT='o'
PACKAGE_BUGREPORT=''
PACKAGE_NAME=''
PACKAGE_STRING=''
PACKAGE_TARNAME=''
PACKAGE_VERSION=''
PATH_SEPARATOR=':'
SHELL='/bin/sh'
V_ALL='nam'
V_AR='ar cr'
V_BROKEN_OBJ=''
V_CCOPT='-O2'
V_DEFINE=' -DNDEBUG -DUSE_SHM'
V_DEFINES='-DHAVE_LIBTCLCL -DHAVE_TCLCL_H -DHAVE_LIBOTCL1_12 -DHAVE_OTCL_H -DHAVE_LIBTK8_4 -DHAVE_TK_H -DHAVE_LIBTCL8_4 -DHAVE_TCL_H '
V_INCLUDE=''
V_INCLUDES='-I/home/ZDH/Downloads/AquaSim/tclcl-1.18 -I/home/ZDH/Downloads/AquaSim/otcl-1.12 -I/home/ZDH/Downloads/AquaSim/include -I/home/ZDH/Downloads/AquaSim/include'
V_INCLUDE_X11=''
V_LIB=' -lnsl -ldl'
V_LIBRARY_TCL='../lib/tcl8.4'
V_LIBRARY_TK='../lib/tk8.4'
V_LIBS='-L/home/ZDH/Downloads/AquaSim/tclcl-1.18 -ltclcl -L/home/ZDH/Downloads/AquaSim/otcl-1.12 -lotcl -L/home/ZDH/Downloads/AquaSim/lib -ltk8.4 -L/home/ZDH/Downloads/AquaSim/lib -ltcl8.4'
V_LIB_OTCL='-L/home/ZDH/Downloads/AquaSim/otcl-1.12 -lotcl'
V_LIB_TCL='-L/home/ZDH/Downloads/AquaSim/lib -ltcl8.4'
V_LIB_TCLCL='-L/home/ZDH/Downloads/AquaSim/tclcl-1.18 -ltclcl'
V_LIB_TK='-L/home/ZDH/Downloads/AquaSim/lib -ltk8.4'
V_LIB_X11='-lXext -lX11'
V_LSSCRIPT=''
V_NS_TCL_LIB_STL=''
V_OBJ=''
V_OBJ_CRYPT=''
V_RANLIB='ranlib'
V_SHELL=''
V_SIGRET='void'
V_STATIC=''
V_STLOBJ=''
V_TARCMD='tar cfh'
V_TAR_EXTRA=''
V_TAR_TARGET='linux-gnu'
V_TCL2CPP='../tclcl-1.18/tcl2c++'
V_TCLSH='/home/ZDH/Downloads/AquaSim/bin/tclsh8.4'
V_TCL_LIBRARY_FILES='$(TCL_84_LIBRARY_FILES)'
V_TKDOSNAMES='$(LIBRARY_TK)/optMenu.tcl $(LIBRARY_TK)/scrlbar.tcl'
ac_ct_CC='gcc'
ac_ct_CXX='g++'
bindir='${exec_prefix}/bin'
build='x86_64-unknown-linux-gnu'
build_alias=''
build_cpu='x86_64'
build_os='linux-gnu'
build_vendor='unknown'
datadir='${prefix}/share'
exec_prefix='${prefix}'
host='x86_64-unknown-linux-gnu'
host_alias=''
host_cpu='x86_64'
host_os='linux-gnu'
host_vendor='unknown'
includedir='${prefix}/include'
infodir='${prefix}/info'
libdir='${exec_prefix}/lib'
libexecdir='${exec_prefix}/libexec'
localstatedir='${prefix}/var'
mandir='${prefix}/man'
oldincludedir='/usr/include'
prefix='/usr/local'
program_transform_name='s,x,x,'
sbindir='${exec_prefix}/sbin'
sharedstatedir='${prefix}/com'
sysconfdir='${prefix}/etc'
target='x86_64-unknown-linux-gnu'
target_alias=''
target_cpu='x86_64'
target_os='linux-gnu'
target_vendor='unknown'

## ----------- ##
## confdefs.h. ##
## ----------- ##

#define HAVE_INT64 1
#define HAVE_INTTYPES_H 1
#define HAVE_LIBOTCL1_12 1
#define HAVE_LIBTCL8_4 1
#define HAVE_LIBTCLCL 1
#define HAVE_LIBTK8_4 1
#define HAVE_MEMORY_H 1
#define HAVE_OTCL_H 1
#define HAVE_SNPRINTF 1
#define HAVE_STDINT_H 1
#define HAVE_STDLIB_H 1
#define HAVE_STRINGS_H 1
#define HAVE_STRING_H 1
#define HAVE_STRING_H 1
#define HAVE_STRTOLL 1
#define HAVE_STRTOQ 1
#define HAVE_SYS_STAT_H 1
#define HAVE_SYS_TYPES_H 1
#define HAVE_TCLCL_H 1
#define HAVE_TCL_H 1
#define HAVE_TK_H 1
#define HAVE_UNISTD_H 1
#define PACKAGE_BUGREPORT ""
#define PACKAGE_NAME ""
#define PACKAGE_STRING ""
#define PACKAGE_TARNAME ""
#define PACKAGE_VERSION ""
#define RANDOM_RETURN_TYPE long
#define SIZEOF_LONG 8
#define STDC_HEADERS 1
#define STDC_HEADERS 1
#endif
#ifdef __cplusplus
#include <stdlib.h>

configure: exit 0
